app/build/intermediates/manifest_merge_blame_file/debug/manifest-merger-blame-debug-report.txt
1<?xml version="1.0" encoding="utf-8"?>
2<manifest xmlns:android="http://schemas.android.com/apk/res/android"
3    package="com.example.tubes"
4    android:versionCode="1"
5    android:versionName="1.0" >
6
7    <uses-sdk
8        android:minSdkVersion="23"
8-->src/main/AndroidManifest.xml
9        android:targetSdkVersion="29" />
9-->src/main/AndroidManifest.xml
10
11    <application
11-->src/main/AndroidManifest.xml:5:5-35:19
12        android:allowBackup="true"
12-->src/main/AndroidManifest.xml:6:9-35
13        android:appComponentFactory="androidx.core.app.CoreComponentFactory"
13-->[androidx.core:core:1.1.0] AndroidManifest.xml:24:18-86
14        android:debuggable="true"
15        android:icon="@mipmap/ic_launcher"
15-->src/main/AndroidManifest.xml:7:9-43
16        android:label="@string/app_name"
16-->src/main/AndroidManifest.xml:8:9-41
17        android:roundIcon="@mipmap/ic_launcher_round"
17-->src/main/AndroidManifest.xml:9:9-54
18        android:supportsRtl="true"
18-->src/main/AndroidManifest.xml:10:9-35
19        android:theme="@style/Theme.AppCompat.NoActionBar" >
19-->src/main/AndroidManifest.xml:11:9-59
20        <activity android:name="com.example.tubes.sukses_upload_item" />
20-->src/main/AndroidManifest.xml:12:9-65
20-->src/main/AndroidManifest.xml:12:19-53
21        <activity android:name="com.example.tubes.jual_item" />
21-->src/main/AndroidManifest.xml:13:9-47
21-->src/main/AndroidManifest.xml:13:19-44
22        <activity android:name="com.example.tubes.pengrajin" />
22-->src/main/AndroidManifest.xml:14:9-47
22-->src/main/AndroidManifest.xml:14:19-44
23        <activity android:name="com.example.tubes.pencarianItem" />
23-->src/main/AndroidManifest.xml:15:9-51
23-->src/main/AndroidManifest.xml:15:19-48
24        <activity android:name="com.example.tubes.chatting" />
24-->src/main/AndroidManifest.xml:16:9-46
24-->src/main/AndroidManifest.xml:16:19-43
25        <activity android:name="com.example.tubes.kodeBayar" />
25-->src/main/AndroidManifest.xml:17:9-47
25-->src/main/AndroidManifest.xml:17:19-44
26        <activity android:name="com.example.tubes.checkout" />
26-->src/main/AndroidManifest.xml:18:9-46
26-->src/main/AndroidManifest.xml:18:19-43
27        <activity android:name="com.example.tubes.keranjang" />
27-->src/main/AndroidManifest.xml:19:9-47
27-->src/main/AndroidManifest.xml:19:19-44
28        <activity android:name="com.example.tubes.spesifikasi_item" />
28-->src/main/AndroidManifest.xml:20:9-54
28-->src/main/AndroidManifest.xml:20:19-51
29        <activity android:name="com.example.tubes.item" />
29-->src/main/AndroidManifest.xml:21:9-42
29-->src/main/AndroidManifest.xml:21:19-39
30        <activity android:name="com.example.tubes.menu" />
30-->src/main/AndroidManifest.xml:22:9-42
30-->src/main/AndroidManifest.xml:22:19-39
31        <activity android:name="com.example.tubes.forgotEmail" />
31-->src/main/AndroidManifest.xml:23:9-49
31-->src/main/AndroidManifest.xml:23:19-46
32        <activity android:name="com.example.tubes.resetPass" />
32-->src/main/AndroidManifest.xml:24:9-47
32-->src/main/AndroidManifest.xml:24:19-44
33        <activity android:name="com.example.tubes.singup" />
33-->src/main/AndroidManifest.xml:25:9-44
33-->src/main/AndroidManifest.xml:25:19-41
34        <activity android:name="com.example.tubes.hal1" />
34-->src/main/AndroidManifest.xml:26:9-42
34-->src/main/AndroidManifest.xml:26:19-39
35        <activity android:name="com.example.tubes.login" />
35-->src/main/AndroidManifest.xml:27:9-43
35-->src/main/AndroidManifest.xml:27:19-40
36        <activity android:name="com.example.tubes.MainActivity" >
36-->src/main/AndroidManifest.xml:28:9-34:20
36-->src/main/AndroidManifest.xml:28:19-47
37            <intent-filter>
37-->src/main/AndroidManifest.xml:29:13-33:29
38                <action android:name="android.intent.action.MAIN" />
38-->src/main/AndroidManifest.xml:30:17-69
38-->src/main/AndroidManifest.xml:30:25-66
39
40                <category android:name="android.intent.category.LAUNCHER" />
40-->src/main/AndroidManifest.xml:32:17-77
40-->src/main/AndroidManifest.xml:32:27-74
41            </intent-filter>
42        </activity>
43    </application>
44
45</manifest>